#
# A fatal error has been detected by the Java Runtime Environment:
#
#  EXCEPTION_ACCESS_VIOLATION (0xc0000005) at pc=0x00007ffbe28cc3f9, pid=1784, tid=0x0000000000001684
#
# JRE version: Java(TM) SE Runtime Environment (8.0_131-b11) (build 1.8.0_131-b11)
# Java VM: Java HotSpot(TM) 64-Bit Server VM (25.131-b11 mixed mode windows-amd64 compressed oops)
# Problematic frame:
# C  [msvcr120.dll+0x3c3f9]
#
# Failed to write core dump. Minidumps are not enabled by default on client versions of Windows
#
# If you would like to submit a bug report, please visit:
#   http://bugreport.java.com/bugreport/crash.jsp
# The crash happened outside the Java Virtual Machine in native code.
# See problematic frame for where to report the bug.
#

---------------  T H R E A D  ---------------

Current thread (0x000000001af93000):  JavaThread "JavaFX Application Thread" [_thread_in_native, id=5764, stack(0x000000001c610000,0x000000001c710000)]

siginfo: ExceptionCode=0xc0000005, reading address 0xffffffffffffffff

Registers:
RAX=0x000000015b693040, RBX=0x000000015b693040, RCX=0x000000004f38f520, RDX=0x0001fffea496cfa9
RSP=0x000000001c709078, RBP=0x0002000000000001, RSI=0x0002000000000001, RDI=0x000000015b693058
R8 =0x000000004f38f520, R9 =0x0000000000004000, R10=0x0002000000000001, R11=0x000000015b693058
R12=0x000000001c70bb00, R13=0x000000001c70bdb0, R14=0x0000000000000007, R15=0x0000000000000000
RIP=0x00007ffbe28cc3f9, EFLAGS=0x0000000000010217

Top of Stack: (sp=0x000000001c709078)
0x000000001c709078:   000000001c709120 000000004f38f520
0x000000001c709088:   0000000065ed29bd 0000000000da0000
0x000000001c709098:   0000000000000007 0000000000000038
0x000000001c7090a8:   0000000000000000 0000000000000001
0x000000001c7090b8:   0000000065ed5d2e 000000001c709120
0x000000001c7090c8:   0000000000000007 000000015a171630
0x000000001c7090d8:   0000000000000000 000000001c709158
0x000000001c7090e8:   0000000065edbb8f 000000001c70bdb0
0x000000001c7090f8:   000000001c70bb00 0000000000000018
0x000000001c709108:   0000000000100004 000000001c709180
0x000000001c709118:   0000000064fa1f62 0000000000000000
0x000000001c709128:   0000000000000018 000000001c70bdb0
0x000000001c709138:   000000001c700000 000000015a171550
0x000000001c709148:   0000000065000436 0000000100000000
0x000000001c709158:   0000000000000000 000000015a1714d0
0x000000001c709168:   0000000000100004 000000001c709200 

Instructions: (pc=0x00007ffbe28cc3f9)
0x00007ffbe28cc3d9:   03 c0 48 3b c8 0f 8c 96 03 00 00 0f ba 25 6c 53
0x00007ffbe28cc3e9:   0a 00 01 73 13 57 56 48 8b f9 49 8b f2 49 8b c8
0x00007ffbe28cc3f9:   f3 a4 5e 5f 49 8b c3 c3 0f ba 25 4f 53 0a 00 02
0x00007ffbe28cc409:   0f 82 56 02 00 00 f6 c1 07 74 36 f6 c1 01 74 0b 


Register to memory mapping:

RAX=0x000000015b693040 is an unknown value
RBX=0x000000015b693040 is an unknown value
RCX=0x000000004f38f520 is an unknown value
RDX=0x0001fffea496cfa9 is an unknown value
RSP=0x000000001c709078 is pointing into the stack for thread: 0x000000001af93000
RBP=0x0002000000000001 is an unknown value
RSI=0x0002000000000001 is an unknown value
RDI=0x000000015b693058 is an unknown value
R8 =0x000000004f38f520 is an unknown value
R9 =0x0000000000004000 is an unknown value
R10=0x0002000000000001 is an unknown value
R11=0x000000015b693058 is an unknown value
R12=0x000000001c70bb00 is pointing into the stack for thread: 0x000000001af93000
R13=0x000000001c70bdb0 is pointing into the stack for thread: 0x000000001af93000
R14=0x0000000000000007 is an unknown value
R15=0x0000000000000000 is an unknown value


Stack: [0x000000001c610000,0x000000001c710000],  sp=0x000000001c709078,  free space=996k
Native frames: (J=compiled Java code, j=interpreted, Vv=VM code, C=native code)
C  [msvcr120.dll+0x3c3f9]
C  0x000000001c709120

Java frames: (J=compiled Java code, j=interpreted, Vv=VM code)
j  com.sun.webkit.network.URLLoader.twkDidFinishLoading(J)V+0
j  com.sun.webkit.network.URLLoader.notifyDidFinishLoading()V+44
j  com.sun.webkit.network.URLLoader.lambda$didFinishLoading$103()V+8
j  com.sun.webkit.network.URLLoader$$Lambda$172.run()V+4
J 2449 C1 com.sun.javafx.application.PlatformImpl$$Lambda$50.run()Ljava/lang/Object; (8 bytes) @ 0x0000000003b2060c [0x0000000003b204c0+0x14c]
v  ~StubRoutines::call_stub
J 1155  java.security.AccessController.doPrivileged(Ljava/security/PrivilegedAction;Ljava/security/AccessControlContext;)Ljava/lang/Object; (0 bytes) @ 0x00000000037a72e6 [0x00000000037a7280+0x66]
J 2446 C1 com.sun.javafx.application.PlatformImpl.lambda$runLater$174(Ljava/lang/Runnable;Ljava/security/AccessControlContext;)V (38 bytes) @ 0x0000000003b1f294 [0x0000000003b1ee80+0x414]
J 2445 C1 com.sun.javafx.application.PlatformImpl$$Lambda$49.run()V (12 bytes) @ 0x0000000003b1eb04 [0x0000000003b1ea80+0x84]
J 1989 C1 com.sun.glass.ui.InvokeLaterDispatcher$Future.run()V (91 bytes) @ 0x0000000003a0e08c [0x0000000003a0df80+0x10c]
v  ~StubRoutines::call_stub
j  com.sun.glass.ui.win.WinApplication._runLoop(Ljava/lang/Runnable;)V+0
j  com.sun.glass.ui.win.WinApplication.lambda$null$148(ILjava/lang/Runnable;)V+8
j  com.sun.glass.ui.win.WinApplication$$Lambda$38.run()V+12
j  java.lang.Thread.run()V+11
v  ~StubRoutines::call_stub

---------------  P R O C E S S  ---------------

Java Threads: ( => current thread )
  0x000000001b30f000 JavaThread "URL-Loader-40" daemon [_thread_blocked, id=22364, stack(0x0000000150720000,0x0000000150820000)]
  0x000000001b30e000 JavaThread "URL-Loader-39" daemon [_thread_blocked, id=23084, stack(0x0000000150620000,0x0000000150720000)]
  0x0000000061aed800 JavaThread "URL-Loader-38" daemon [_thread_blocked, id=24412, stack(0x0000000150520000,0x0000000150620000)]
  0x0000000061af0000 JavaThread "URL-Loader-37" daemon [_thread_blocked, id=22816, stack(0x0000000150420000,0x0000000150520000)]
  0x0000000061af3000 JavaThread "URL-Loader-36" daemon [_thread_blocked, id=22568, stack(0x0000000150320000,0x0000000150420000)]
  0x0000000061af0800 JavaThread "URL-Loader-35" daemon [_thread_blocked, id=13484, stack(0x0000000150220000,0x0000000150320000)]
  0x0000000061aed000 JavaThread "URL-Loader-34" daemon [_thread_blocked, id=11312, stack(0x0000000150120000,0x0000000150220000)]
  0x0000000061af1800 JavaThread "URL-Loader-33" daemon [_thread_blocked, id=18568, stack(0x0000000150020000,0x0000000150120000)]
  0x0000000061aec000 JavaThread "URL-Loader-32" daemon [_thread_blocked, id=22188, stack(0x000000014ff20000,0x0000000150020000)]
  0x0000000061af2000 JavaThread "URL-Loader-31" daemon [_thread_blocked, id=16664, stack(0x000000014fe20000,0x000000014ff20000)]
  0x0000000061aef000 JavaThread "URL-Loader-30" daemon [_thread_blocked, id=21976, stack(0x0000000000b10000,0x0000000000c10000)]
  0x0000000061ae4800 JavaThread "URL-Loader-29" daemon [_thread_blocked, id=23696, stack(0x0000000000a10000,0x0000000000b10000)]
  0x0000000061aeb800 JavaThread "URL-Loader-28" daemon [_thread_blocked, id=20484, stack(0x0000000000910000,0x0000000000a10000)]
  0x0000000061ae6000 JavaThread "URL-Loader-27" daemon [_thread_blocked, id=21776, stack(0x0000000000810000,0x0000000000910000)]
  0x0000000061aea000 JavaThread "URL-Loader-26" daemon [_thread_blocked, id=24348, stack(0x0000000000710000,0x0000000000810000)]
  0x0000000061ae7000 JavaThread "URL-Loader-25" daemon [_thread_blocked, id=18840, stack(0x0000000000610000,0x0000000000710000)]
  0x0000000061ae8800 JavaThread "URL-Loader-24" daemon [_thread_blocked, id=2896, stack(0x0000000000510000,0x0000000000610000)]
  0x0000000061ae7800 JavaThread "URL-Loader-23" daemon [_thread_blocked, id=19548, stack(0x0000000000310000,0x0000000000410000)]
  0x0000000061ae4000 JavaThread "URL-Loader-22" daemon [_thread_blocked, id=9600, stack(0x0000000000210000,0x0000000000310000)]
  0x0000000061ae5800 JavaThread "Keep-Alive-Timer" daemon [_thread_blocked, id=21972, stack(0x0000000000110000,0x0000000000210000)]
  0x0000000061aea800 JavaThread "URL-Loader-21" daemon [_thread_blocked, id=24284, stack(0x0000000000010000,0x0000000000110000)]
  0x0000000061ae9000 JavaThread "Thread-5" daemon [_thread_in_native, id=23624, stack(0x000000007fe40000,0x000000007ff40000)]
  0x000000001b2e6000 JavaThread "Prism Font Disposer" daemon [_thread_blocked, id=2412, stack(0x000000007d310000,0x000000007d410000)]
  0x000000001b177800 JavaThread "Disposer" daemon [_thread_blocked, id=21620, stack(0x00000000612f0000,0x00000000613f0000)]
  0x000000001b037800 JavaThread "Thread-3" daemon [_thread_in_native, id=24448, stack(0x0000000020dd0000,0x0000000020ed0000)]
  0x000000001b016800 JavaThread "JavaFX-Launcher" [_thread_blocked, id=16812, stack(0x0000000020fd0000,0x00000000210d0000)]
=>0x000000001af93000 JavaThread "JavaFX Application Thread" [_thread_in_native, id=5764, stack(0x000000001c610000,0x000000001c710000)]
  0x000000001af90000 JavaThread "Thread-1" daemon [_thread_blocked, id=20488, stack(0x000000001c510000,0x000000001c610000)]
  0x000000001af98800 JavaThread "QuantumRenderer-0" daemon [_thread_blocked, id=16100, stack(0x000000001b720000,0x000000001b820000)]
  0x000000001a347000 JavaThread "Service Thread" daemon [_thread_blocked, id=14716, stack(0x000000001ad20000,0x000000001ae20000)]
  0x000000001a2bd000 JavaThread "C1 CompilerThread3" daemon [_thread_blocked, id=20456, stack(0x000000001ac20000,0x000000001ad20000)]
  0x000000001a2b9800 JavaThread "C2 CompilerThread2" daemon [_thread_blocked, id=5964, stack(0x000000001ab20000,0x000000001ac20000)]
  0x000000001a2b2000 JavaThread "C2 CompilerThread1" daemon [_thread_blocked, id=22220, stack(0x000000001aa20000,0x000000001ab20000)]
  0x000000001836a000 JavaThread "C2 CompilerThread0" daemon [_thread_blocked, id=2964, stack(0x000000001a920000,0x000000001aa20000)]
  0x000000001a25c800 JavaThread "Attach Listener" daemon [_thread_blocked, id=16104, stack(0x000000001a820000,0x000000001a920000)]
  0x000000001a2b0000 JavaThread "Signal Dispatcher" daemon [_thread_blocked, id=19560, stack(0x000000001a720000,0x000000001a820000)]
  0x00000000032fe000 JavaThread "Finalizer" daemon [_thread_blocked, id=21924, stack(0x000000001a620000,0x000000001a720000)]
  0x00000000032f7000 JavaThread "Reference Handler" daemon [_thread_blocked, id=22580, stack(0x000000001a120000,0x000000001a220000)]
  0x0000000003200800 JavaThread "main" [_thread_blocked, id=23584, stack(0x00000000015a0000,0x00000000016a0000)]

Other Threads:
  0x0000000018358800 VMThread [stack: 0x000000001a020000,0x000000001a120000] [id=14088]
  0x000000001a3ab000 WatcherThread [stack: 0x000000001ae20000,0x000000001af20000] [id=7328]

VM state:not at safepoint (normal execution)

VM Mutex/Monitor currently owned by a thread: None

Heap:
 PSYoungGen      total 259584K, used 124778K [0x00000000d5d00000, 0x00000000e7580000, 0x0000000100000000)
  eden space 251904K, 46% used [0x00000000d5d00000,0x00000000dcfacb70,0x00000000e5300000)
  from space 7680K, 95% used [0x00000000e6e00000,0x00000000e752dff8,0x00000000e7580000)
  to   space 12800K, 0% used [0x00000000e5c80000,0x00000000e5c80000,0x00000000e6900000)
 ParOldGen       total 57856K, used 12493K [0x0000000081600000, 0x0000000084e80000, 0x00000000d5d00000)
  object space 57856K, 21% used [0x0000000081600000,0x0000000082233498,0x0000000084e80000)
 Metaspace       used 24681K, capacity 25700K, committed 25856K, reserved 1071104K
  class space    used 3235K, capacity 3484K, committed 3584K, reserved 1048576K

Card table byte_map: [0x0000000012770000,0x0000000012b70000] byte_map_base: 0x0000000012365000

Marking Bits: (ParMarkBitMap*) 0x000000006bcec720
 Begin Bits: [0x0000000013620000, 0x00000000155c8000)
 End Bits:   [0x00000000155c8000, 0x0000000017570000)

Polling page: 0x00000000016a0000

CodeCache: size=245760Kb used=13846Kb max_used=13875Kb free=231913Kb
 bounds [0x00000000033b0000, 0x0000000004160000, 0x00000000123b0000]
 total_blobs=5242 nmethods=4444 adapters=709
 compilation: enabled

Compilation events (10 events):
Event: 29.064 Thread 0x000000001a2b9800 5103       4       java.util.zip.InflaterInputStream::fill (60 bytes)
Event: 29.070 Thread 0x000000001a2b2000 nmethod 5095 0x0000000004123350 code [0x00000000041235a0, 0x0000000004124dd0]
Event: 29.070 Thread 0x000000001a2b2000 5105       4       com.sun.crypto.provider.GHASH::putLong (37 bytes)
Event: 29.072 Thread 0x000000001a2b2000 nmethod 5105 0x0000000004123010 code [0x0000000004123140, 0x0000000004123298]
Event: 29.072 Thread 0x000000001a2b2000 5104       4       com.sun.crypto.provider.GaloisCounterMode::getLengthBlock (192 bytes)
Event: 29.073 Thread 0x000000001a2b2000 nmethod 5104 0x0000000004122c50 code [0x0000000004122da0, 0x0000000004122f78]
Event: 29.074 Thread 0x000000001a2b2000 5106       4       java.util.WeakHashMap::entrySet (28 bytes)
Event: 29.075 Thread 0x000000001a2b2000 nmethod 5106 0x0000000004122910 code [0x0000000004122a60, 0x0000000004122b58]
Event: 29.100 Thread 0x000000001a2b9800 nmethod 5103 0x0000000004138d90 code [0x0000000004139040, 0x000000000413bc88]
Event: 29.142 Thread 0x000000001836a000 nmethod 5101 0x0000000004144fd0 code [0x00000000041454e0, 0x000000000414bc00]

GC Heap History (10 events):
Event: 3.679 GC heap before
{Heap before GC invocations=5 (full 0):
 PSYoungGen      total 71680K, used 71556K [0x00000000d5d00000, 0x00000000da800000, 0x0000000100000000)
  eden space 66560K, 99% used [0x00000000d5d00000,0x00000000d9de5b78,0x00000000d9e00000)
  from space 5120K, 99% used [0x00000000da300000,0x00000000da7fb4a8,0x00000000da800000)
  to   space 5120K, 0% used [0x00000000d9e00000,0x00000000d9e00000,0x00000000da300000)
 ParOldGen       total 87552K, used 9071K [0x0000000081600000, 0x0000000086b80000, 0x00000000d5d00000)
  object space 87552K, 10% used [0x0000000081600000,0x0000000081edbcb0,0x0000000086b80000)
 Metaspace       used 20027K, capacity 20668K, committed 20864K, reserved 1067008K
  class space    used 2669K, capacity 2842K, committed 2944K, reserved 1048576K
Event: 3.683 GC heap after
Heap after GC invocations=5 (full 0):
 PSYoungGen      total 71680K, used 5106K [0x00000000d5d00000, 0x00000000dfa00000, 0x0000000100000000)
  eden space 66560K, 0% used [0x00000000d5d00000,0x00000000d5d00000,0x00000000d9e00000)
  from space 5120K, 99% used [0x00000000d9e00000,0x00000000da2fcb20,0x00000000da300000)
  to   space 13824K, 0% used [0x00000000dec80000,0x00000000dec80000,0x00000000dfa00000)
 ParOldGen       total 87552K, used 9095K [0x0000000081600000, 0x0000000086b80000, 0x00000000d5d00000)
  object space 87552K, 10% used [0x0000000081600000,0x0000000081ee1cb0,0x0000000086b80000)
 Metaspace       used 20027K, capacity 20668K, committed 20864K, reserved 1067008K
  class space    used 2669K, capacity 2842K, committed 2944K, reserved 1048576K
}
Event: 3.693 GC heap before
{Heap before GC invocations=6 (full 0):
 PSYoungGen      total 71680K, used 71503K [0x00000000d5d00000, 0x00000000dfa00000, 0x0000000100000000)
  eden space 66560K, 99% used [0x00000000d5d00000,0x00000000d9dd72b0,0x00000000d9e00000)
  from space 5120K, 99% used [0x00000000d9e00000,0x00000000da2fcb20,0x00000000da300000)
  to   space 13824K, 0% used [0x00000000dec80000,0x00000000dec80000,0x00000000dfa00000)
 ParOldGen       total 87552K, used 9095K [0x0000000081600000, 0x0000000086b80000, 0x00000000d5d00000)
  object space 87552K, 10% used [0x0000000081600000,0x0000000081ee1cb0,0x0000000086b80000)
 Metaspace       used 20027K, capacity 20668K, committed 20864K, reserved 1067008K
  class space    used 2669K, capacity 2842K, committed 2944K, reserved 1048576K
Event: 3.696 GC heap after
Heap after GC invocations=6 (full 0):
 PSYoungGen      total 145920K, used 5104K [0x00000000d5d00000, 0x00000000df900000, 0x0000000100000000)
  eden space 133120K, 0% used [0x00000000d5d00000,0x00000000d5d00000,0x00000000ddf00000)
  from space 12800K, 39% used [0x00000000dec80000,0x00000000df17c188,0x00000000df900000)
  to   space 13312K, 0% used [0x00000000ddf00000,0x00000000ddf00000,0x00000000dec00000)
 ParOldGen       total 87552K, used 9103K [0x0000000081600000, 0x0000000086b80000, 0x00000000d5d00000)
  object space 87552K, 10% used [0x0000000081600000,0x0000000081ee3cb0,0x0000000086b80000)
 Metaspace       used 20027K, capacity 20668K, committed 20864K, reserved 1067008K
  class space    used 2669K, capacity 2842K, committed 2944K, reserved 1048576K
}
Event: 4.268 GC heap before
{Heap before GC invocations=7 (full 0):
 PSYoungGen      total 145920K, used 96661K [0x00000000d5d00000, 0x00000000df900000, 0x0000000100000000)
  eden space 133120K, 68% used [0x00000000d5d00000,0x00000000db6695e0,0x00000000ddf00000)
  from space 12800K, 39% used [0x00000000dec80000,0x00000000df17c188,0x00000000df900000)
  to   space 13312K, 0% used [0x00000000ddf00000,0x00000000ddf00000,0x00000000dec00000)
 ParOldGen       total 87552K, used 9103K [0x0000000081600000, 0x0000000086b80000, 0x00000000d5d00000)
  object space 87552K, 10% used [0x0000000081600000,0x0000000081ee3cb0,0x0000000086b80000)
 Metaspace       used 20571K, capacity 21224K, committed 21296K, reserved 1067008K
  class space    used 2724K, capacity 2890K, committed 2944K, reserved 1048576K
Event: 4.273 GC heap after
Heap after GC invocations=7 (full 0):
 PSYoungGen      total 146432K, used 2497K [0x00000000d5d00000, 0x00000000e7b00000, 0x0000000100000000)
  eden space 133120K, 0% used [0x00000000d5d00000,0x00000000d5d00000,0x00000000ddf00000)
  from space 13312K, 18% used [0x00000000ddf00000,0x00000000de170480,0x00000000dec00000)
  to   space 13312K, 0% used [0x00000000e6e00000,0x00000000e6e00000,0x00000000e7b00000)
 ParOldGen       total 87552K, used 13938K [0x0000000081600000, 0x0000000086b80000, 0x00000000d5d00000)
  object space 87552K, 15% used [0x0000000081600000,0x000000008239ca70,0x0000000086b80000)
 Metaspace       used 20571K, capacity 21224K, committed 21296K, reserved 1067008K
  class space    used 2724K, capacity 2890K, committed 2944K, reserved 1048576K
}
Event: 4.273 GC heap before
{Heap before GC invocations=8 (full 1):
 PSYoungGen      total 146432K, used 2497K [0x00000000d5d00000, 0x00000000e7b00000, 0x0000000100000000)
  eden space 133120K, 0% used [0x00000000d5d00000,0x00000000d5d00000,0x00000000ddf00000)
  from space 13312K, 18% used [0x00000000ddf00000,0x00000000de170480,0x00000000dec00000)
  to   space 13312K, 0% used [0x00000000e6e00000,0x00000000e6e00000,0x00000000e7b00000)
 ParOldGen       total 87552K, used 13938K [0x0000000081600000, 0x0000000086b80000, 0x00000000d5d00000)
  object space 87552K, 15% used [0x0000000081600000,0x000000008239ca70,0x0000000086b80000)
 Metaspace       used 20571K, capacity 21224K, committed 21296K, reserved 1067008K
  class space    used 2724K, capacity 2890K, committed 2944K, reserved 1048576K
Event: 4.323 GC heap after
Heap after GC invocations=8 (full 1):
 PSYoungGen      total 146432K, used 0K [0x00000000d5d00000, 0x00000000e7b00000, 0x0000000100000000)
  eden space 133120K, 0% used [0x00000000d5d00000,0x00000000d5d00000,0x00000000ddf00000)
  from space 13312K, 0% used [0x00000000ddf00000,0x00000000ddf00000,0x00000000dec00000)
  to   space 13312K, 0% used [0x00000000e6e00000,0x00000000e6e00000,0x00000000e7b00000)
 ParOldGen       total 57856K, used 12485K [0x0000000081600000, 0x0000000084e80000, 0x00000000d5d00000)
  object space 57856K, 21% used [0x0000000081600000,0x0000000082231498,0x0000000084e80000)
 Metaspace       used 20564K, capacity 21212K, committed 21296K, reserved 1067008K
  class space    used 2723K, capacity 2888K, committed 2944K, reserved 1048576K
}
Event: 21.382 GC heap before
{Heap before GC invocations=9 (full 1):
 PSYoungGen      total 146432K, used 133120K [0x00000000d5d00000, 0x00000000e7b00000, 0x0000000100000000)
  eden space 133120K, 100% used [0x00000000d5d00000,0x00000000ddf00000,0x00000000ddf00000)
  from space 13312K, 0% used [0x00000000ddf00000,0x00000000ddf00000,0x00000000dec00000)
  to   space 13312K, 0% used [0x00000000e6e00000,0x00000000e6e00000,0x00000000e7b00000)
 ParOldGen       total 57856K, used 12485K [0x0000000081600000, 0x0000000084e80000, 0x00000000d5d00000)
  object space 57856K, 21% used [0x0000000081600000,0x0000000082231498,0x0000000084e80000)
 Metaspace       used 24348K, capacity 25324K, committed 25600K, reserved 1071104K
  class space    used 3223K, capacity 3474K, committed 3584K, reserved 1048576K
Event: 21.387 GC heap after
Heap after GC invocations=9 (full 1):
 PSYoungGen      total 259584K, used 7351K [0x00000000d5d00000, 0x00000000e7580000, 0x0000000100000000)
  eden space 251904K, 0% used [0x00000000d5d00000,0x00000000d5d00000,0x00000000e5300000)
  from space 7680K, 95% used [0x00000000e6e00000,0x00000000e752dff8,0x00000000e7580000)
  to   space 12800K, 0% used [0x00000000e5c80000,0x00000000e5c80000,0x00000000e6900000)
 ParOldGen       total 57856K, used 12493K [0x0000000081600000, 0x0000000084e80000, 0x00000000d5d00000)
  object space 57856K, 21% used [0x0000000081600000,0x0000000082233498,0x0000000084e80000)
 Metaspace       used 24348K, capacity 25324K, committed 25600K, reserved 1071104K
  class space    used 3223K, capacity 3474K, committed 3584K, reserved 1048576K
}

Deoptimization events (10 events):
Event: 21.322 Thread 0x000000001af93000 Uncommon trap: reason=class_check action=maybe_recompile pc=0x0000000003f204f0 method=com.sun.javafx.webkit.prism.WCFontImpl.getGlyphWidth(I)D @ 19
Event: 21.402 Thread 0x000000001af98800 Uncommon trap: reason=unstable_if action=reinterpret pc=0x0000000003d35970 method=com.sun.prism.impl.ManagedResource._isgone(Lcom/sun/prism/impl/ManagedResource;)Z @ 1
Event: 21.502 Thread 0x000000001af98800 Uncommon trap: reason=unstable_if action=reinterpret pc=0x0000000003e478b4 method=com.sun.javafx.geom.transform.AffineBase.doTransform([FI[FIII)V @ 635
Event: 21.772 Thread 0x000000001af93000 Uncommon trap: reason=unstable_if action=reinterpret pc=0x0000000003a3d19c method=com.sun.javafx.font.CompositeGlyphMapper.getAsciiGlyphCode(I)I @ 25
Event: 23.163 Thread 0x000000001af93000 Uncommon trap: reason=unstable_if action=reinterpret pc=0x0000000003e11acc method=com.sun.javafx.iio.png.PNGImageLoader2.copy([B[BIII)V @ 10
Event: 27.575 Thread 0x000000001af98800 Uncommon trap: reason=unstable_if action=reinterpret pc=0x0000000003f6e8d4 method=com.sun.javafx.geom.transform.AffineBase.updateState2D()V @ 86
Event: 27.575 Thread 0x000000001af98800 Uncommon trap: reason=null_assert action=make_not_entrant pc=0x000000000408bec0 method=com.sun.javafx.font.directwrite.DWFontStrike.getQuantizedPosition(Lcom/sun/javafx/geom/Point2D;)I @ 10
Event: 27.575 Thread 0x000000001af98800 Uncommon trap: reason=null_assert action=make_not_entrant pc=0x0000000004076ecc method=com.sun.javafx.font.directwrite.DWFontStrike.getQuantizedPosition(Lcom/sun/javafx/geom/Point2D;)I @ 10
Event: 28.777 Thread 0x0000000061af2000 Uncommon trap: reason=predicate action=maybe_recompile pc=0x0000000003a0b16c method=java.util.regex.Pattern$Slice.match(Ljava/util/regex/Matcher;ILjava/lang/CharSequence;)Z @ 21
Event: 28.989 Thread 0x000000001af93000 Uncommon trap: reason=class_check action=maybe_recompile pc=0x0000000003f204f0 method=com.sun.javafx.webkit.prism.WCFontImpl.getGlyphWidth(I)D @ 19

Internal exceptions (10 events):
Event: 19.270 Thread 0x000000001af93000 Exception <a 'java/io/FileNotFoundException'> (0x00000000db9339e8) thrown at [C:\re\workspace\8-2-build-windows-amd64-cygwin\jdk8u131\8869\hotspot\src\share\vm\prims\jni.cpp, line 709]
Event: 21.204 Thread 0x0000000061ae9000 Exception <a 'sun/nio/fs/WindowsException'> (0x00000000dd4aa578) thrown at [C:\re\workspace\8-2-build-windows-amd64-cygwin\jdk8u131\8869\hotspot\src\share\vm\prims\jni.cpp, line 709]
Event: 21.322 Thread 0x000000001af93000 Implicit null exception at 0x0000000003852b87 to 0x00000000038539ad
Event: 21.402 Thread 0x000000001af98800 Implicit null exception at 0x0000000003d358ec to 0x0000000003d35961
Event: 21.618 Thread 0x000000001af93000 Exception <a 'java/lang/ClassNotFoundException': sun/net/www/protocol/about/Handler> (0x00000000d6bdaab0) thrown at [C:\re\workspace\8-2-build-windows-amd64-cygwin\jdk8u131\8869\hotspot\src\share\vm\classfile\systemDictionary.cpp, line 210]
Event: 21.744 Thread 0x000000001af93000 Exception <a 'java/lang/ClassNotFoundException': sun/net/www/protocol/about/Handler> (0x00000000d6be2af8) thrown at [C:\re\workspace\8-2-build-windows-amd64-cygwin\jdk8u131\8869\hotspot\src\share\vm\classfile\systemDictionary.cpp, line 210]
Event: 21.744 Thread 0x000000001af93000 Exception <a 'java/lang/ClassNotFoundException': sun/net/www/protocol/about/Handler> (0x00000000d6be5c70) thrown at [C:\re\workspace\8-2-build-windows-amd64-cygwin\jdk8u131\8869\hotspot\src\share\vm\classfile\systemDictionary.cpp, line 210]
Event: 21.745 Thread 0x000000001af93000 Exception <a 'java/lang/ClassNotFoundException': sun/net/www/protocol/about/Handler> (0x00000000d6be8de8) thrown at [C:\re\workspace\8-2-build-windows-amd64-cygwin\jdk8u131\8869\hotspot\src\share\vm\classfile\systemDictionary.cpp, line 210]
Event: 21.771 Thread 0x000000001af93000 Implicit null exception at 0x0000000003a3d136 to 0x0000000003a3d189
Event: 22.240 Thread 0x0000000061ae9000 Exception <a 'sun/nio/fs/WindowsException'> (0x00000000d7f30170) thrown at [C:\re\workspace\8-2-build-windows-amd64-cygwin\jdk8u131\8869\hotspot\src\share\vm\prims\jni.cpp, line 709]

Events (10 events):
Event: 28.950 Executing VM operation: RevokeBias done
Event: 28.950 Executing VM operation: RevokeBias
Event: 28.950 Executing VM operation: RevokeBias done
Event: 28.950 Executing VM operation: RevokeBias
Event: 28.950 Executing VM operation: RevokeBias done
Event: 28.950 Executing VM operation: RevokeBias
Event: 28.950 Executing VM operation: RevokeBias done
Event: 28.989 Thread 0x000000001af93000 Uncommon trap: trap_request=0xffffffde fr.pc=0x0000000003f204f0
Event: 28.989 Thread 0x000000001af93000 DEOPT PACKING pc=0x0000000003f204f0 sp=0x000000001c709f40
Event: 28.989 Thread 0x000000001af93000 DEOPT UNPACKING pc=0x00000000033f582a sp=0x000000001c709f38 mode 2


Dynamic libraries:
0x00007ff62e920000 - 0x00007ff62e957000 	C:\Users\jdk1.8.0_131\bin\javaw.exe
0x00007ffc14010000 - 0x00007ffc14208000 	C:\WINDOWS\SYSTEM32\ntdll.dll
0x00007ffc126d0000 - 0x00007ffc12791000 	C:\WINDOWS\System32\KERNEL32.DLL
0x00007ffc118a0000 - 0x00007ffc11b9d000 	C:\WINDOWS\System32\KERNELBASE.dll
0x00007ffc13030000 - 0x00007ffc130e0000 	C:\WINDOWS\System32\ADVAPI32.dll
0x00007ffc138b0000 - 0x00007ffc1394e000 	C:\WINDOWS\System32\msvcrt.dll
0x00007ffc12040000 - 0x00007ffc120e0000 	C:\WINDOWS\System32\sechost.dll
0x00007ffc125a0000 - 0x00007ffc126c3000 	C:\WINDOWS\System32\RPCRT4.dll
0x00007ffc11870000 - 0x00007ffc11897000 	C:\WINDOWS\System32\bcrypt.dll
0x00007ffc13570000 - 0x00007ffc1370d000 	C:\WINDOWS\System32\USER32.dll
0x00007ffc11ba0000 - 0x00007ffc11bc2000 	C:\WINDOWS\System32\win32u.dll
0x00007ffc127a0000 - 0x00007ffc127cb000 	C:\WINDOWS\System32\GDI32.dll
0x00007ffc11cd0000 - 0x00007ffc11de7000 	C:\WINDOWS\System32\gdi32full.dll
0x00007ffc11ea0000 - 0x00007ffc11f3d000 	C:\WINDOWS\System32\msvcp_win.dll
0x00007ffc11bd0000 - 0x00007ffc11cd0000 	C:\WINDOWS\System32\ucrtbase.dll
0x00007ffbfe9d0000 - 0x00007ffbfec6a000 	C:\WINDOWS\WinSxS\amd64_microsoft.windows.common-controls_6595b64144ccf1df_6.0.19041.4355_none_60b8b9eb71f62e16\COMCTL32.dll
0x00007ffc12380000 - 0x00007ffc123af000 	C:\WINDOWS\System32\IMM32.DLL
0x000000006c5f0000 - 0x000000006c6c2000 	C:\Users\jdk1.8.0_131\jre\bin\msvcr100.dll
0x000000006b4d0000 - 0x000000006bd6c000 	C:\Users\jdk1.8.0_131\jre\bin\server\jvm.dll
0x00007ffc130e0000 - 0x00007ffc130e8000 	C:\WINDOWS\System32\PSAPI.DLL
0x00007ffc06940000 - 0x00007ffc06967000 	C:\WINDOWS\SYSTEM32\WINMM.dll
0x00007ffc0b950000 - 0x00007ffc0b95a000 	C:\WINDOWS\SYSTEM32\VERSION.dll
0x00007ffbf85c0000 - 0x00007ffbf85c9000 	C:\WINDOWS\SYSTEM32\WSOCK32.dll
0x00007ffc13840000 - 0x00007ffc138ab000 	C:\WINDOWS\System32\WS2_32.dll
0x000000006c7a0000 - 0x000000006c7af000 	C:\Users\jdk1.8.0_131\jre\bin\verify.dll
0x000000006c770000 - 0x000000006c799000 	C:\Users\jdk1.8.0_131\jre\bin\java.dll
0x000000006c750000 - 0x000000006c766000 	C:\Users\jdk1.8.0_131\jre\bin\zip.dll
0x00007ffc127d0000 - 0x00007ffc12f3f000 	C:\WINDOWS\System32\SHELL32.dll
0x00007ffc0f450000 - 0x00007ffc0fbef000 	C:\WINDOWS\SYSTEM32\windows.storage.dll
0x00007ffc130f0000 - 0x00007ffc13443000 	C:\WINDOWS\System32\combase.dll
0x00007ffc110e0000 - 0x00007ffc1110e000 	C:\WINDOWS\SYSTEM32\Wldp.dll
0x00007ffc13770000 - 0x00007ffc1383d000 	C:\WINDOWS\System32\OLEAUT32.dll
0x00007ffc12f80000 - 0x00007ffc1302d000 	C:\WINDOWS\System32\SHCORE.dll
0x00007ffc12170000 - 0x00007ffc121c5000 	C:\WINDOWS\System32\shlwapi.dll
0x00007ffc115f0000 - 0x00007ffc11614000 	C:\WINDOWS\SYSTEM32\profapi.dll
0x00007ffbe2890000 - 0x00007ffbe297f000 	C:\Users\jdk1.8.0_131\jre\bin\msvcr120.dll
0x00007ffbdb100000 - 0x00007ffbdb1a6000 	C:\Users\jdk1.8.0_131\jre\bin\msvcp120.dll
0x000000006c5c0000 - 0x000000006c5e2000 	C:\Users\jdk1.8.0_131\jre\bin\prism_d3d.dll
0x00007ffc06740000 - 0x00007ffc06910000 	C:\WINDOWS\system32\d3d9.dll
0x00007ffc0eeb0000 - 0x00007ffc0eedf000 	C:\WINDOWS\SYSTEM32\dwmapi.dll
0x00007ffc0fed0000 - 0x00007ffc0fee2000 	C:\WINDOWS\SYSTEM32\kernel.appcore.dll
0x00007ffc0ea90000 - 0x00007ffc0eb2e000 	C:\WINDOWS\system32\uxtheme.dll
0x00007ffbcdcc0000 - 0x00007ffbcdeab000 	C:\WINDOWS\System32\DriverStore\FileRepository\iigd_dch_base.inf_amd64_5bbc526444fb2460\igdumdim64.dll
0x00007ffb8b290000 - 0x00007ffb8e80d000 	C:\WINDOWS\System32\DriverStore\FileRepository\iigd_dch_base.inf_amd64_5bbc526444fb2460\igd9dxva64.dll
0x00007ffc12410000 - 0x00007ffc1253b000 	C:\WINDOWS\System32\ole32.dll
0x00007ffbefac0000 - 0x00007ffbefbae000 	C:\WINDOWS\System32\DriverStore\FileRepository\nvlt.inf_amd64_2469ff97836288ae\nvldumdx.dll
0x00007ffc116c0000 - 0x00007ffc1181e000 	C:\WINDOWS\System32\crypt32.dll
0x00007ffc11fd0000 - 0x00007ffc12039000 	C:\WINDOWS\System32\WINTRUST.DLL
0x00007ffc11270000 - 0x00007ffc11282000 	C:\WINDOWS\SYSTEM32\MSASN1.dll
0x00007ffc12f50000 - 0x00007ffc12f6d000 	C:\WINDOWS\System32\imagehlp.dll
0x00007ffc11040000 - 0x00007ffc11058000 	C:\WINDOWS\SYSTEM32\CRYPTSP.dll
0x00007ffc106f0000 - 0x00007ffc10724000 	C:\WINDOWS\system32\rsaenh.dll
0x00007ffc11030000 - 0x00007ffc1103c000 	C:\WINDOWS\SYSTEM32\CRYPTBASE.dll
0x00007ffc11f40000 - 0x00007ffc11fc2000 	C:\WINDOWS\System32\bcryptPrimitives.dll
0x00007ffbc93f0000 - 0x00007ffbca7d7000 	C:\WINDOWS\System32\DriverStore\FileRepository\nvlt.inf_amd64_2469ff97836288ae\nvd3dumx.dll
0x000000006c570000 - 0x000000006c5b3000 	C:\Users\jdk1.8.0_131\jre\bin\glass.dll
0x00007ffc13a80000 - 0x00007ffc13b5a000 	C:\WINDOWS\System32\COMDLG32.dll
0x00007ffc13450000 - 0x00007ffc13564000 	C:\WINDOWS\System32\MSCTF.dll
0x00007ffbe13f0000 - 0x00007ffbe148c000 	C:\WINDOWS\system32\IMGSF50Filter_x64.dll
0x00007ffbe62c0000 - 0x00007ffbe63e8000 	C:\WINDOWS\SYSTEM32\Opengl32.dll
0x00007ffbe6290000 - 0x00007ffbe62bc000 	C:\WINDOWS\SYSTEM32\GLU32.dll
0x00007ffc0c0c0000 - 0x00007ffc0c0e4000 	C:\WINDOWS\System32\DriverStore\FileRepository\iigd_dch_base.inf_amd64_5bbc526444fb2460\igdinfo64.dll
0x00007ffbefbb0000 - 0x00007ffbf1ab1000 	C:\WINDOWS\System32\DriverStore\FileRepository\iigd_dch_base.inf_amd64_5bbc526444fb2460\igc64.dll
0x00007ffc08360000 - 0x00007ffc0839b000 	C:\WINDOWS\SYSTEM32\dxcore.dll
0x00007ffc11820000 - 0x00007ffc1186e000 	C:\WINDOWS\System32\cfgmgr32.dll
0x0000000064de0000 - 0x0000000067594000 	C:\Users\jdk1.8.0_131\jre\bin\jfxwebkit.dll
0x000000006c730000 - 0x000000006c74a000 	C:\Users\jdk1.8.0_131\jre\bin\net.dll
0x00007ffc10e40000 - 0x00007ffc10eaa000 	C:\WINDOWS\system32\mswsock.dll
0x000000006c710000 - 0x000000006c721000 	C:\Users\jdk1.8.0_131\jre\bin\nio.dll
0x00007ffc10b10000 - 0x00007ffc10bda000 	C:\WINDOWS\SYSTEM32\DNSAPI.dll
0x00007ffc10ad0000 - 0x00007ffc10b0b000 	C:\WINDOWS\SYSTEM32\IPHLPAPI.DLL
0x00007ffc12f40000 - 0x00007ffc12f48000 	C:\WINDOWS\System32\NSI.dll
0x00007ffc08450000 - 0x00007ffc0845a000 	C:\Windows\System32\rasadhlp.dll
0x0000000064dc0000 - 0x0000000064dd4000 	C:\Users\jdk1.8.0_131\jre\bin\javafx_font.dll
0x00007ffbe4560000 - 0x00007ffbe47df000 	C:\WINDOWS\SYSTEM32\dwrite.dll
0x00007ffc06d90000 - 0x00007ffc06e10000 	C:\WINDOWS\System32\fwpuclnt.dll
0x00007ffc13950000 - 0x00007ffc139f9000 	C:\WINDOWS\System32\clbcatq.dll
0x00007ffc0e020000 - 0x00007ffc0e1d6000 	C:\WINDOWS\SYSTEM32\WindowsCodecs.dll
0x00007ffbe2280000 - 0x00007ffbe22be000 	C:\WINDOWS\system32\dataexchange.dll
0x00007ffc0b960000 - 0x00007ffc0bbc3000 	C:\WINDOWS\system32\d3d11.dll
0x00007ffc0c2d0000 - 0x00007ffc0c4b4000 	C:\WINDOWS\system32\dcomp.dll
0x00007ffc0ff40000 - 0x00007ffc10036000 	C:\WINDOWS\system32\dxgi.dll
0x00007ffc0d070000 - 0x00007ffc0d273000 	C:\WINDOWS\system32\twinapi.appcore.dll
0x00007ffbfce70000 - 0x00007ffbfcea4000 	C:\Program Files\Common Files\Microsoft Shared\Ink\rtscom.dll
0x00007ffbe6fa0000 - 0x00007ffbe7099000 	C:\WINDOWS\SYSTEM32\textinputframework.dll
0x00007ffc0c1d0000 - 0x00007ffc0c2c2000 	C:\WINDOWS\System32\CoreMessaging.dll
0x00007ffc0a9c0000 - 0x00007ffc0ad1b000 	C:\WINDOWS\System32\CoreUIComponents.dll
0x00007ffc0d300000 - 0x00007ffc0d457000 	C:\WINDOWS\SYSTEM32\wintypes.dll
0x00007ffc10810000 - 0x00007ffc10843000 	C:\WINDOWS\SYSTEM32\ntmarta.dll
0x00007ffba4ef0000 - 0x00007ffba4fc2000 	C:\Windows\System32\IME\IMEKR\imkrtip.dll
0x00007ffc0eb30000 - 0x00007ffc0ec26000 	C:\WINDOWS\SYSTEM32\PROPSYS.dll
0x00007ffba4da0000 - 0x00007ffba4ee2000 	C:\Windows\System32\IME\shared\imetip.dll
0x00007ffc050a0000 - 0x00007ffc05106000 	C:\WINDOWS\SYSTEM32\OLEACC.dll
0x00007ffbd4250000 - 0x00007ffbd43fe000 	C:\WINDOWS\SYSTEM32\DUI70.dll
0x00007ffba46e0000 - 0x00007ffba4721000 	C:\Windows\System32\IME\IMEKR\imkrapi.dll
0x00007ffc0e4c0000 - 0x00007ffc0e561000 	C:\WINDOWS\SYSTEM32\policymanager.dll
0x00007ffc10780000 - 0x00007ffc1080a000 	C:\WINDOWS\SYSTEM32\msvcp110_win.dll
0x00007ffba46a0000 - 0x00007ffba46de000 	C:\Windows\System32\IME\shared\imjkapi.dll
0x000000006c6f0000 - 0x000000006c701000 	C:\Users\jdk1.8.0_131\jre\bin\prism_common.dll
0x000000007e300000 - 0x000000007e324000 	C:\Users\jdk1.8.0_131\jre\bin\sunec.dll
0x00007ffc0ad20000 - 0x00007ffc0ad37000 	C:\WINDOWS\SYSTEM32\dhcpcsvc6.DLL
0x00007ffc0a930000 - 0x00007ffc0a94d000 	C:\WINDOWS\SYSTEM32\dhcpcsvc.DLL
0x00007ffc11560000 - 0x00007ffc1158e000 	C:\WINDOWS\SYSTEM32\USERENV.dll
0x000000007eb30000 - 0x000000007eb3b000 	C:\Users\jdk1.8.0_131\jre\bin\sunmscapi.dll
0x0000000061660000 - 0x00000000616d3000 	C:\Users\jdk1.8.0_131\jre\bin\glib-lite.dll
0x000000007fd40000 - 0x000000007fddc000 	C:\Users\jdk1.8.0_131\jre\bin\gstreamer-lite.dll
0x00007ffbfc090000 - 0x00007ffbfc12c000 	C:\WINDOWS\SYSTEM32\DSOUND.dll
0x00007ffc10bf0000 - 0x00007ffc10c3b000 	C:\WINDOWS\SYSTEM32\powrprof.dll
0x00007ffc00d90000 - 0x00007ffc00db6000 	C:\WINDOWS\SYSTEM32\winmmbase.dll
0x00007ffc10ab0000 - 0x00007ffc10ac2000 	C:\WINDOWS\SYSTEM32\UMPDC.dll
0x000000007f3e0000 - 0x000000007f405000 	C:\Users\jdk1.8.0_131\jre\bin\jfxmedia.dll
0x000000007f410000 - 0x000000007f433000 	C:\Users\jdk1.8.0_131\jre\bin\javafx_iio.dll
0x00007ffc0fbf0000 - 0x00007ffc0fdd4000 	C:\WINDOWS\SYSTEM32\dbghelp.dll

VM Arguments:
jvm_args: -Dfile.encoding=UTF-8 
java_command: application.Main
java_class_path (initial): C:\Users\jdk1.8.0_131\jre\lib\resources.jar;C:\Users\jdk1.8.0_131\jre\lib\rt.jar;C:\Users\jdk1.8.0_131\jre\lib\jsse.jar;C:\Users\jdk1.8.0_131\jre\lib\jce.jar;C:\Users\jdk1.8.0_131\jre\lib\charsets.jar;C:\Users\jdk1.8.0_131\jre\lib\jfr.jar;C:\Users\jdk1.8.0_131\jre\lib\ext\access-bridge-64.jar;C:\Users\jdk1.8.0_131\jre\lib\ext\cldrdata.jar;C:\Users\jdk1.8.0_131\jre\lib\ext\dnsns.jar;C:\Users\jdk1.8.0_131\jre\lib\ext\jaccess.jar;C:\Users\jdk1.8.0_131\jre\lib\ext\jfxrt.jar;C:\Users\jdk1.8.0_131\jre\lib\ext\localedata.jar;C:\Users\jdk1.8.0_131\jre\lib\ext\nashorn.jar;C:\Users\jdk1.8.0_131\jre\lib\ext\sunec.jar;C:\Users\jdk1.8.0_131\jre\lib\ext\sunjce_provider.jar;C:\Users\jdk1.8.0_131\jre\lib\ext\sunmscapi.jar;C:\Users\jdk1.8.0_131\jre\lib\ext\sunpkcs11.jar;C:\Users\jdk1.8.0_131\jre\lib\ext\zipfs.jar;C:\Users\michk\eclipse-workspace\webView\bin;C:\Users\michk\.eclipse\org.eclipse.platform_4.8.0_1331412822_win32_win32_x86_64\plugins\org.eclipse.fx.ide.css.jfx8_3.3.0.201805280700.jar
Launcher Type: SUN_STANDARD

Environment Variables:
JAVA_HOME=C:\Users\jdk1.8.0_131
CLASSPATH=C:\Users\jdk1.8.0_131
PATH=C:/Users/jdk1.8.0_131/bin/../jre/bin/server;C:/Users/jdk1.8.0_131/bin/../jre/bin;C:/Users/jdk1.8.0_131/bin/../jre/lib/amd64;C:\Program Files (x86)\VMware\VMware Workstation\bin\;C:\Users\jdk1.8.0_131\bin;C:\Users\michk\AppData\Local\Microsoft\WindowsApps;C:\Users\michk\AppData\Roaming\npm;C:\Program Files\PuTTY\;C:\Users\michk\AppData\Local\Microsoft\WindowsApps;C:\Users\michk\AppData\Roaming\npm;C:\Users\michk\AppData\Local\Programs\Microsoft VS Code\bin;C:\Program Files (x86)\ESTsoft\ALSee\x64;C:\Users\eGovFrameDev-3.9.0-64bit\eclipse;
USERNAME=kim1
OS=Windows_NT
PROCESSOR_IDENTIFIER=Intel64 Family 6 Model 142 Stepping 10, GenuineIntel



---------------  S Y S T E M  ---------------

OS: Windows 10.0 , 64 bit Build 19041 (10.0.19041.4717)

CPU:total 8 (initial active 8) (4 cores per cpu, 2 threads per core) family 6 model 142 stepping 10, cmov, cx8, fxsr, mmx, sse, sse2, sse3, ssse3, sse4.1, sse4.2, popcnt, avx, avx2, aes, clmul, erms, 3dnowpref, lzcnt, ht, tsc, tscinvbit, bmi1, bmi2, adx

Memory: 4k page, physical 8295652k(1326880k free), swap 17475360k(1771680k free)

vm_info: Java HotSpot(TM) 64-Bit Server VM (25.131-b11) for windows-amd64 JRE (1.8.0_131-b11), built on Mar 15 2017 01:23:53 by "java_re" with MS VC++ 10.0 (VS2010)

time: Fri Aug 30 14:45:46 2024
elapsed time: 29 seconds (0d 0h 0m 29s)

